VA EN JAVA  

//Paradox atacks tiene algunos comentarios que despues de hablar se han de quitar
//mirar miller porque falla



Mirar si se pueden cambiar los shortcuts de ayuda en el propio fxml para quitar los control de ayuda.
	-Ayuda modelo FlujoLab y contextual. http://www.criptored.upm.es/software/sw_m001m.htm
	-Poner un hiperlink en donde las preferencias para que te lleve a la pagina de github.

	
Documentacion
Banco de pruebas.
Ejemplos raros-> cuando esta todo en blanco.
Ejemplo Práctico-> como ayuda dentro del programa.http://www.criptored.upm.es/software/sw_m001c.htm







--no me parece muy útil
Nose ha hecho la fastExponentiation ni el CRT
alert/confirmation dialog y exception dialog : http://code.makery.ch/blog/javafx-dialogs-official/  Por si me hace falta
quiza añadir un boton con un dibujito a la derecha de los primos o claves para que cuando se pulse se copie al portapapeles. http://docs.oracle.com/javase/8/javafx/user-interface-tutorial/text-field.htm 
	copy()– transfers the currently selected range in the text to the clipboard, leaving the current selection.
	selectAll() - selects all text in the text input.
	Si hago esto poner un tooltip 

	
	
CSS:
http://docs.oracle.com/javase/8/javafx/layout-tutorial/style_css.htm
http://docs.oracle.com/javase/8/javafx/user-interface-tutorial/css_tutorial.htm
http://docs.oracle.com/javase/8/javafx/user-interface-tutorial/custom.htm para realizar el css para customizarlo.
http://docs.oracle.com/javase/8/javafx/api/javafx/scene/doc-files/cssref.html





