cosas que he ido haciendo:


18 - 04 - 2017

Metodo openFile
	--comprobar si es decimal o no, y poner el controller a decimal o hexadecimal.
	--comprobar que puedan ser bigInteger - no hace falta gracias al metodo de crear manual

Empezado el metodo saveFile y acabado a falta de errores

Quitada duplicidad de código en el método processAutomaticGeneration2 haciendo una llamada al primer método con un new ActionEvent()

cuando se pulsa delete hacer que se borre tb this.RSA

añadir al logNNC: Unidades: Hexadecimal



17 - 04 -2017

Cambiar los setText("") por clear() - hecho para la primalidad (tb añadido el recuadro del tiempo) y flushnot manual.

Hecho y entendido todo el filechooser para abrir una clave que había sido guardada.




16 - 04 - 2017

Porque tienen decimal, hexadecimal y generateLogNNC fx:id - quitados

Poner en mayuscula cuando sea hexadecimal. - toUpperCase()

Ver por que falla generar logs y tests de primalidad.- cuestion de unidades 10 y 16

http://docs.oracle.com/javase/8/javafx/user-interface-tutorial/menu_controls.htm para decimal y hexadecimal. - puesto que sean excluyentes

Para cerrar la aplicación : System.exit(0);

Añadido que cuando se pulse enter al poner los bits de la clave automatica la genere.

Hacer que según se metan los primos p y q o la clave E se ponga automaticamente los bits - Añadido que cuando se metan los numeros de forma manual vayan apareciendo su numero de bits.

